2018-09-07-17:17:48.027 [main] ERROR  HttpUtils.HttpClientInit:118>>java.net.UnknownHostException: name=lyn&age=18
2018-09-07-17:19:05.408 [main] ERROR  HttpUtils.HttpClientInit:118>>java.net.SocketTimeoutException: Read timed out
2018-09-07-17:20:15.997 [main] ERROR  HttpUtils.HttpClientInit:118>>java.net.SocketTimeoutException: Read timed out
2018-09-07-17:22:06.830 [main] ERROR  HttpUtils.HttpClientInit:118>>java.net.SocketTimeoutException: Read timed out
2018-09-07-17:23:36.941 [main] INFO  HttpUtils.HttpClientInit:123>>请求完成，释放资源...
2018-09-07-17:27:07.476 [main] INFO  HttpUtils.HttpClientInit:51>>状态码：400
2018-09-07-17:27:07.478 [main] ERROR  HttpUtils.HttpClientInit:53>>接口请求失败:400
2018-09-07-17:27:07.480 [main] ERROR  HttpUtils.HttpClientInit:62>>java.lang.Exception: HTTP Request is not success, Response code is 400
2018-09-07-17:28:34.333 [main] INFO  HttpUtils.HttpClientInit:51>>状态码：400
2018-09-07-17:28:34.335 [main] ERROR  HttpUtils.HttpClientInit:53>>接口请求失败:400
2018-09-07-17:28:34.338 [main] ERROR  HttpUtils.HttpClientInit:62>>java.lang.Exception: HTTP Request is not success, Response code is 400
2018-09-07-17:57:47.150 [main] INFO  HttpUtils.HttpClientInit:51>>状态码：400
2018-09-07-17:57:47.152 [main] ERROR  HttpUtils.HttpClientInit:53>>接口请求失败:400
2018-09-07-17:57:47.155 [main] ERROR  HttpUtils.HttpClientInit:62>>java.lang.Exception: HTTP Request is not success, Response code is 400
2018-09-07-17:58:05.145 [main] INFO  HttpUtils.HttpClientInit:51>>状态码：400
2018-09-07-17:58:05.147 [main] ERROR  HttpUtils.HttpClientInit:53>>接口请求失败:400
2018-09-07-17:58:05.149 [main] ERROR  HttpUtils.HttpClientInit:62>>java.lang.Exception: HTTP Request is not success, Response code is 400
2018-09-07-18:00:27.493 [main] INFO  HttpUtils.HttpClientInit:51>>状态码：200
2018-09-07-18:00:27.496 [main] INFO  HttpUtils.HttpClientInit:58>>{"lyn":"lyn"}
2018-09-07-18:24:01.488 [main] INFO  HttpUtils.HttpClientInit:51>>状态码：400
2018-09-07-18:24:01.490 [main] ERROR  HttpUtils.HttpClientInit:53>>接口请求失败:400
2018-09-07-18:24:01.490 [main] ERROR  HttpUtils.HttpClientInit:62>>java.lang.Exception: HTTP Request is not success, Response code is 400
2018-09-07-18:24:01.914 [main] INFO  HttpUtils.HttpClientInit:51>>状态码：400
2018-09-07-18:24:01.914 [main] ERROR  HttpUtils.HttpClientInit:53>>接口请求失败:400
2018-09-07-18:24:01.914 [main] ERROR  HttpUtils.HttpClientInit:62>>java.lang.Exception: HTTP Request is not success, Response code is 400
2018-09-07-18:24:46.263 [main] INFO  HttpUtils.HttpClientInit:51>>状态码：400
2018-09-07-18:24:46.265 [main] ERROR  HttpUtils.HttpClientInit:53>>接口请求失败:400
2018-09-07-18:24:46.265 [main] ERROR  HttpUtils.HttpClientInit:62>>java.lang.Exception: HTTP Request is not success, Response code is 400
2018-09-07-18:24:46.648 [main] INFO  HttpUtils.HttpClientInit:51>>状态码：400
2018-09-07-18:24:46.649 [main] ERROR  HttpUtils.HttpClientInit:53>>接口请求失败:400
2018-09-07-18:24:46.649 [main] ERROR  HttpUtils.HttpClientInit:62>>java.lang.Exception: HTTP Request is not success, Response code is 400
2018-09-07-18:25:34.277 [main] INFO  HttpUtils.HttpClientInit:51>>状态码：400
2018-09-07-18:25:34.278 [main] ERROR  HttpUtils.HttpClientInit:53>>接口请求失败:400
2018-09-07-18:25:34.278 [main] ERROR  HttpUtils.HttpClientInit:62>>java.lang.Exception: HTTP Request is not success, Response code is 400
2018-09-07-18:25:34.676 [main] INFO  HttpUtils.HttpClientInit:51>>状态码：400
2018-09-07-18:25:34.676 [main] ERROR  HttpUtils.HttpClientInit:53>>接口请求失败:400
2018-09-07-18:25:34.676 [main] ERROR  HttpUtils.HttpClientInit:62>>java.lang.Exception: HTTP Request is not success, Response code is 400
2018-09-07-18:25:58.332 [main] INFO  HttpUtils.HttpClientInit:51>>状态码：400
2018-09-07-18:25:58.334 [main] ERROR  HttpUtils.HttpClientInit:53>>接口请求失败:400
2018-09-07-18:25:58.334 [main] ERROR  HttpUtils.HttpClientInit:62>>java.lang.Exception: HTTP Request is not success, Response code is 400
2018-09-07-18:25:58.727 [main] INFO  HttpUtils.HttpClientInit:51>>状态码：400
2018-09-07-18:25:58.727 [main] ERROR  HttpUtils.HttpClientInit:53>>接口请求失败:400
2018-09-07-18:25:58.727 [main] ERROR  HttpUtils.HttpClientInit:62>>java.lang.Exception: HTTP Request is not success, Response code is 400
2018-09-07-18:27:15.408 [main] INFO  HttpUtils.HttpClientInit:51>>状态码：400
2018-09-07-18:27:15.409 [main] ERROR  HttpUtils.HttpClientInit:53>>接口请求失败:400
2018-09-07-18:27:15.410 [main] ERROR  HttpUtils.HttpClientInit:62>>java.lang.Exception: HTTP Request is not success, Response code is 400
2018-09-07-18:27:15.795 [main] INFO  HttpUtils.HttpClientInit:51>>状态码：200
2018-09-07-18:27:15.797 [main] INFO  HttpUtils.HttpClientInit:58>>{"lyn":"lyn"}
